
Graph:
A: {F:  42, B:  60, K:  23}
B: {}
C: {F:  98, J:  77, B:  60, D:  13, I:  53, M:  51, G:  81, L:  54, E:  34, A:  93, H:  97}
D: {L:  76, M:  32, H:  99, F:  56, K:   7, G:  76}
E: {M:  59, J:  92, H:  47, G:   1, L:  10, B:  79, F:  66}
F: {J:  45, B:  44, I:  21, A:  23, D:  76, K:  42, G:  89, H:  13, E:  99}
G: {B:  26, H:  46, L:   6, C:  46, J:  42, I:  35}
H: {E:  45, K:  59, B:  27, L:  33, A:  59, D:  10, J:  46, C:  55, F:  77, M:  75, I:  42, G:  67}
I: {E:  41, H:  16, C:  91, M:  33, B:  95, A:  42, F:  51, K:  86}
J: {F:   4, I:  79, L:   4, A:   7, C:  83, D:  16, H:  24, B:  83, G:  63, M:  97, K:  92, E:  82}
K: {J:   1, G:   5, B:  41, L:  46, H:   9, M:  63, F:  69, I:  53, E:  24}
L: {G:  48, J:  46, B:  73}
M: {C:  77, E:  34, I:  57, F:  89, J:  40, A:  34}


Heuristics:	(A:  20), (B: INF), (C:  10), (D:  10), (E:  10), (F:  20), (G:  20)
		(H:  10), (I:  10), (J:  10), (K:  10), (L:  20), (M:   0)
		
Path not found using A-star search!
Path not found using Depth Limited search!

============================== Algorithm Analysis ==============================

A-star search took				8.70 microseconds
Depth Limited search took			3.60 microseconds

================================================================================
Depth Limited search was faster by		5.10 microseconds
================================================================================

A-star search visits				0
Depth Limited search visits			0

================================================================================
Depth Limited search beats A-star search by	0 visits
================================================================================

A-star search found a path that costs		0
Depth Limited search found a path that costs	0

================================================================================
Both searches found the same path
================================================================================
