
Graph:
A: {H:  29, G:  23, F:  69, L:  86, E:  34, C:  65, I:  64, M:  15, P:  25, O:  69, D:  64, J:  82, N:  66, B:  15}
B: {M:  90, P:  58, Q:  23}
C: {H:  58, E:  15, F:  36, N:  47, O:  98, L:  76, I:  88, K:  86, G:  86, D:  60, M:  40, J:  74, P:  65, B:   1, A:   9, Q:  69}
D: {Q:  21, L:  89, G:  30, J:   6, H:   6, N:  71, O:  19, E:  26, K:  62, A:  26, F:  88, P:  31, B:  75, C:   7}
E: {}
F: {B:   7, I:  71, L:  21, A:  49, M:  70, H:   7, C:  25, Q:  87, D:  50, O:  73}
G: {}
H: {I:  45, F:  64, G:   1, O:  24, Q:  41, N:  36, L:  95, A:  85, M:   9, E:  20, P:  50, B:  18}
I: {Q:  31, L:  47, N:  94, K:  15, O:  20, J:  28, G:  40, F:  47, P:  25}
J: {O:  77, C:  22, B:  68, N:  18, A:  35, Q:  22}
K: {O:  46, M:  16, B:  90, L:  26, I:  76, G:  83, Q:  65, P:  76, N:  66, J:  50, E:  66, F:  65}
L: {D:   3, F:  92, A:   8, C:  57, K:  48, J:  50, B:  24, H:  40, O:  35, N:  27, I:  35, P:   4, G:   1}
M: {P:  75, E:  37, L:   3, H:  82, F:  38, J:  89, O:   7, K:  89, B:   1, C:  31}
N: {K:  10, D:  34, O:   6, G:  65, J:  41, B:  47, H:  36, I:  25, A:  18, P:  69, Q:  89, E:  68, L:  10, C:  60, F:  93, M:  20}
O: {G:  81}
P: {N:   2, J:   5, L:  98, D:  71, K:  46, O:  17}
Q: {}


Heuristics:	(A:  10), (B:  20), (C:   0), (D:  10), (E: INF), (F:  10), (G: INF)
		(H:  20), (I:  20), (J:  10), (K:  20), (L:  10), (M:  10), (N:  10)
		(O: INF), (P:  20), (Q: INF)
		
Path found using A-star search!		I -> K -> M -> L -> D -> C

Path found using Depth Limited search!	I -> L -> D -> L -> D -> L -> D -> L -> D -> L -> D -> L -> D -> L -> D -> L -> D -> C


============================== Algorithm Analysis ==============================

A-star search took				105.30 microseconds
Depth Limited search took			32.90 microseconds

================================================================================
Depth Limited search was faster by		72.40 microseconds
================================================================================

A-star search visits				86
Depth Limited search visits			38

================================================================================
Depth Limited search beats A-star search by	48 visits
================================================================================

A-star search found a path that costs		44
Depth Limited search found a path that costs	701

================================================================================
A-star search found a path cheaper by		657
================================================================================
