
Graph:
A: {O:  56, B:  17, L:  93, H:   6, S:  94, E:  40, Q:  85, M:  86, D:  17, R:  59, K:  21, I:  44, N:   2, C:  14}
B: {I:  84, A:  14, O:  50, S:  21, J:  67, E:  41, K:   8, R:  19, Q:  64}
C: {O:  82, R:  47, B:  20, S:  52, Q:  94, E:  16, G:  53, J:   1, F:  46, I:  76, H:  93, N:  45, K:  32, M:   1, L:  30, D:  89, P:  45, A:  77}
D: {C:  75, K:   3, P:  86, N:  18, E:  37, B:  17}
E: {R:  79, N:  26, F:  22}
F: {}
G: {C:  64, A:  33, E:   6, P:  29, I:  14, F:  35, H:  85, K:  83, B:  12, L:   6, J:  79, N:  83, M:  13, Q:  96, D:  98, S:  80, O:  23, R:  87}
H: {A:  27, N:  17}
I: {B:  99, R:  34, K:   4, Q:  30, C:  86, D:  66, N:  93, F:   8}
J: {M:  51}
K: {A:  66, G:  47, L:  61, N:  99, O:  46, S:  60, P:   1, I:  88, C:  53, J:  38, Q:  29, R:  33, H:  53, M:  32}
L: {N:  67, R:  35, Q:  48, G:   3, I:  69, O:  46, M:  80, S:  17, F:  45, E:  68, B:  20, A:  95, C:  23}
M: {P:  43, H:  21, J:  90, L:  19, K:  81, Q:  77, F:  62, S:  63, G:  56, O:  19, E:  51, N:  43, I:  64, D:  68, A:  74}
N: {Q:  95, L:  26, C:  84, R:   7, I:  13, P:  92, K:  35, G:  93}
O: {L:  23, K:  29, D:  57, M:  20, C:  67, E:  77, B:  92, F:  62, G:  78, H:  89}
P: {A:  58}
Q: {H:  59, S:  68, O:  73, F:  22, E:  29, B:   6, P:  30, G:  84, C:  40, K:   7, R:  75, I:  34, A:  98, M:  99, N:  94, J:  77, D:  53, L:  18}
R: {J:  96, I:  69, E:  45, B:  16, K:  91}
S: {F:  27}


Heuristics:	(A:  10), (B:  10), (C:  10), (D:  20), (E:  30), (F: INF), (G:  10)
		(H:  20), (I:  20), (J:  20), (K:  10), (L:  10), (M:  10), (N:  20)
		(O:   0), (P:  20), (Q:  10), (R:  20), (S: INF)
		
Path found using A-star search!		N -> L -> G -> O

Path found using Depth Limited search!	N -> Q -> H -> A -> O


============================== Algorithm Analysis ==============================

A-star search took				154.80 microseconds
Depth Limited search took			16.40 microseconds

================================================================================
Depth Limited search was faster by		138.40 microseconds
================================================================================

A-star search visits				90
Depth Limited search visits			4

================================================================================
Depth Limited search beats A-star search by	86 visits
================================================================================

A-star search found a path that costs		52
Depth Limited search found a path that costs	237

================================================================================
A-star search found a path cheaper by		185
================================================================================
